[25-Jul-2020 16:41:51] NOTICE: fpm is running, pid 83297
[25-Jul-2020 16:41:51] NOTICE: ready to handle connections
[25-Jul-2020 19:27:38] NOTICE: Terminating ...
[25-Jul-2020 19:27:38] NOTICE: Terminating ...
[25-Jul-2020 19:27:38] NOTICE: exiting, bye-bye!
[26-Jul-2020 16:12:15] NOTICE: fpm is running, pid 4259
[26-Jul-2020 16:12:15] NOTICE: ready to handle connections
[26-Jul-2020 19:04:06] NOTICE: Terminating ...
[26-Jul-2020 19:04:06] NOTICE: Terminating ...
[26-Jul-2020 19:04:06] NOTICE: exiting, bye-bye!
[27-Jul-2020 09:59:34] NOTICE: fpm is running, pid 24648
[27-Jul-2020 09:59:34] NOTICE: ready to handle connections
[28-Jul-2020 13:31:01] NOTICE: Terminating ...
[28-Jul-2020 13:31:01] NOTICE: Terminating ...
[28-Jul-2020 13:31:01] NOTICE: exiting, bye-bye!
[29-Jul-2020 16:21:23] NOTICE: fpm is running, pid 42552
[29-Jul-2020 16:21:23] NOTICE: ready to handle connections
[29-Jul-2020 18:54:36] NOTICE: Terminating ...
[29-Jul-2020 18:54:37] NOTICE: Terminating ...
[29-Jul-2020 18:54:37] NOTICE: exiting, bye-bye!
[31-Jul-2020 16:37:01] NOTICE: fpm is running, pid 23181
[31-Jul-2020 16:37:01] NOTICE: ready to handle connections
[31-Jul-2020 19:00:29] NOTICE: Terminating ...
[31-Jul-2020 19:00:29] NOTICE: Terminating ...
[31-Jul-2020 19:00:29] NOTICE: exiting, bye-bye!
[01-Aug-2020 09:41:49] NOTICE: fpm is running, pid 42472
[01-Aug-2020 09:41:49] NOTICE: ready to handle connections
[01-Aug-2020 19:19:51] NOTICE: Terminating ...
[01-Aug-2020 19:19:52] NOTICE: Terminating ...
[01-Aug-2020 19:19:52] NOTICE: Terminating ...
[01-Aug-2020 19:19:52] NOTICE: Terminating ...
[01-Aug-2020 19:19:52] NOTICE: exiting, bye-bye!
[02-Aug-2020 16:27:08] NOTICE: fpm is running, pid 37458
[02-Aug-2020 16:27:08] NOTICE: ready to handle connections
[03-Aug-2020 14:56:59] NOTICE: Terminating ...
[03-Aug-2020 14:57:02] NOTICE: Terminating ...
[03-Aug-2020 14:57:03] NOTICE: exiting, bye-bye!
[03-Aug-2020 16:56:23] NOTICE: fpm is running, pid 8639
[03-Aug-2020 16:56:23] NOTICE: ready to handle connections
[03-Aug-2020 19:13:50] NOTICE: Terminating ...
[03-Aug-2020 19:13:51] NOTICE: Terminating ...
[03-Aug-2020 19:13:51] NOTICE: exiting, bye-bye!
[04-Aug-2020 10:58:06] NOTICE: fpm is running, pid 31387
[04-Aug-2020 10:58:06] NOTICE: ready to handle connections
[04-Aug-2020 19:13:02] NOTICE: Terminating ...
[04-Aug-2020 19:13:02] NOTICE: Terminating ...
[04-Aug-2020 19:13:02] NOTICE: exiting, bye-bye!
[05-Aug-2020 09:55:51] NOTICE: fpm is running, pid 61837
[05-Aug-2020 09:55:53] NOTICE: ready to handle connections
[06-Aug-2020 17:35:04] NOTICE: Terminating ...
[06-Aug-2020 17:35:04] NOTICE: Terminating ...
[06-Aug-2020 17:35:04] NOTICE: Terminating ...
[06-Aug-2020 17:35:04] NOTICE: Terminating ...
[06-Aug-2020 17:35:05] NOTICE: exiting, bye-bye!
[10-Aug-2020 18:18:53] NOTICE: fpm is running, pid 67621
[10-Aug-2020 18:18:53] NOTICE: fpm is running, pid 67625
[10-Aug-2020 18:18:53] NOTICE: ready to handle connections
[10-Aug-2020 18:18:53] NOTICE: ready to handle connections
[10-Aug-2020 18:23:55] NOTICE: Terminating ...
[10-Aug-2020 18:23:55] NOTICE: Terminating ...
[10-Aug-2020 18:23:55] NOTICE: exiting, bye-bye!
[10-Aug-2020 18:23:57] NOTICE: fpm is running, pid 67873
[10-Aug-2020 18:23:57] NOTICE: ready to handle connections
[10-Aug-2020 18:24:00] NOTICE: Terminating ...
[10-Aug-2020 18:24:00] NOTICE: Terminating ...
[10-Aug-2020 18:24:00] NOTICE: exiting, bye-bye!
[10-Aug-2020 18:25:41] NOTICE: fpm is running, pid 67986
[10-Aug-2020 18:25:41] NOTICE: ready to handle connections
[11-Aug-2020 10:23:50] NOTICE: Terminating ...
[11-Aug-2020 10:23:50] NOTICE: Terminating ...
[11-Aug-2020 10:23:50] NOTICE: exiting, bye-bye!
[12-Aug-2020 16:41:19] NOTICE: fpm is running, pid 8070
[12-Aug-2020 16:41:19] NOTICE: ready to handle connections
[12-Aug-2020 17:40:48] NOTICE: Terminating ...
[12-Aug-2020 17:40:48] NOTICE: Terminating ...
[12-Aug-2020 17:40:48] NOTICE: exiting, bye-bye!
[15-Aug-2020 20:28:33] NOTICE: Terminating ...
[15-Aug-2020 20:28:34] NOTICE: Terminating ...
[15-Aug-2020 20:28:34] NOTICE: exiting, bye-bye!
[19-Aug-2020 10:41:59] NOTICE: fpm is running, pid 8511
[19-Aug-2020 10:42:00] NOTICE: ready to handle connections
[19-Aug-2020 10:43:03] NOTICE: Terminating ...
[19-Aug-2020 10:43:03] NOTICE: Terminating ...
[19-Aug-2020 10:43:03] NOTICE: exiting, bye-bye!
[19-Aug-2020 10:57:29] NOTICE: fpm is running, pid 10301
[19-Aug-2020 10:57:29] NOTICE: ready to handle connections
[19-Aug-2020 19:09:41] NOTICE: Terminating ...
[19-Aug-2020 19:09:41] NOTICE: Terminating ...
[19-Aug-2020 19:09:42] NOTICE: exiting, bye-bye!
[20-Aug-2020 11:00:00] NOTICE: fpm is running, pid 3009
[20-Aug-2020 11:00:00] NOTICE: ready to handle connections
[20-Aug-2020 19:07:15] NOTICE: Terminating ...
[20-Aug-2020 19:07:15] NOTICE: Terminating ...
[20-Aug-2020 19:07:15] NOTICE: exiting, bye-bye!
[21-Aug-2020 16:10:49] NOTICE: fpm is running, pid 10568
[21-Aug-2020 16:10:49] NOTICE: ready to handle connections
[21-Aug-2020 19:05:31] NOTICE: Terminating ...
[21-Aug-2020 19:05:31] NOTICE: Terminating ...
[21-Aug-2020 19:05:31] NOTICE: exiting, bye-bye!
[22-Aug-2020 08:59:18] NOTICE: fpm is running, pid 5000
[22-Aug-2020 08:59:18] NOTICE: ready to handle connections
[22-Aug-2020 19:30:09] NOTICE: Terminating ...
[22-Aug-2020 19:30:10] NOTICE: Terminating ...
[22-Aug-2020 19:30:10] NOTICE: exiting, bye-bye!
[23-Aug-2020 09:11:10] NOTICE: fpm is running, pid 3084
[23-Aug-2020 09:11:10] NOTICE: ready to handle connections
[23-Aug-2020 16:59:16] NOTICE: Terminating ...
[23-Aug-2020 16:59:16] NOTICE: Terminating ...
[23-Aug-2020 16:59:16] NOTICE: exiting, bye-bye!
[24-Aug-2020 09:01:16] NOTICE: fpm is running, pid 2877
[24-Aug-2020 09:01:16] NOTICE: ready to handle connections
[24-Aug-2020 18:48:48] NOTICE: Terminating ...
[24-Aug-2020 18:48:48] NOTICE: Terminating ...
[24-Aug-2020 18:48:48] NOTICE: exiting, bye-bye!
[25-Aug-2020 09:18:54] NOTICE: fpm is running, pid 1743
[25-Aug-2020 09:18:54] NOTICE: ready to handle connections
[25-Aug-2020 11:27:13] WARNING: [pool www] child 1762 said into stderr: "libpng warning: Interlace handling should be turned on when using png_read_image"
[25-Aug-2020 11:31:21] WARNING: [pool www] child 1761 said into stderr: "libpng warning: Interlace handling should be turned on when using png_read_image"
[25-Aug-2020 11:31:37] WARNING: [pool www] child 1761 said into stderr: "libpng warning: Interlace handling should be turned on when using png_read_image"
[25-Aug-2020 16:48:07] NOTICE: Terminating ...
[25-Aug-2020 16:48:07] NOTICE: Terminating ...
[25-Aug-2020 16:48:07] NOTICE: exiting, bye-bye!
[26-Aug-2020 15:16:40] NOTICE: fpm is running, pid 6332
[26-Aug-2020 15:16:40] NOTICE: ready to handle connections
[26-Aug-2020 18:59:34] NOTICE: Terminating ...
[26-Aug-2020 18:59:34] NOTICE: Terminating ...
[26-Aug-2020 18:59:34] NOTICE: exiting, bye-bye!
[27-Aug-2020 09:06:37] NOTICE: fpm is running, pid 1984
[27-Aug-2020 09:06:37] NOTICE: ready to handle connections
